app/build/intermediates/manifest_merge_blame_file/debug/manifest-merger-blame-debug-report.txt
1<?xml version="1.0" encoding="utf-8"?>
2<manifest xmlns:android="http://schemas.android.com/apk/res/android"
3    package="com.usfuchsia.jetpackcomposesample"
4    android:versionCode="1"
5    android:versionName="1.0" >
6
7    <uses-sdk
8        android:minSdkVersion="23"
8-->src/main/AndroidManifest.xml
9        android:targetSdkVersion="30" />
9-->src/main/AndroidManifest.xml
10
11    <application
11-->src/main/AndroidManifest.xml:5:5-23:19
12        android:allowBackup="true"
12-->src/main/AndroidManifest.xml:6:9-35
13        android:appComponentFactory="androidx.core.app.CoreComponentFactory"
13-->[androidx.core:core:1.5.0] AndroidManifest.xml:24:18-86
14        android:debuggable="true"
15        android:extractNativeLibs="false"
16        android:icon="@mipmap/ic_launcher"
16-->src/main/AndroidManifest.xml:7:9-43
17        android:label="@string/app_name"
17-->src/main/AndroidManifest.xml:8:9-41
18        android:roundIcon="@mipmap/ic_launcher_round"
18-->src/main/AndroidManifest.xml:9:9-54
19        android:supportsRtl="true"
19-->src/main/AndroidManifest.xml:10:9-35
20        android:testOnly="true"
21        android:theme="@style/Theme.JetPackComposeSample" >
21-->src/main/AndroidManifest.xml:11:9-58
22        <activity
22-->src/main/AndroidManifest.xml:12:9-22:20
23            android:name="com.usfuchsia.jetpackcomposesample.MainActivity"
23-->src/main/AndroidManifest.xml:13:13-41
24            android:exported="true"
24-->src/main/AndroidManifest.xml:14:13-36
25            android:label="@string/app_name"
25-->src/main/AndroidManifest.xml:15:13-45
26            android:theme="@style/Theme.JetPackComposeSample.NoActionBar" >
26-->src/main/AndroidManifest.xml:16:13-74
27            <intent-filter>
27-->src/main/AndroidManifest.xml:17:13-21:29
28                <action android:name="android.intent.action.MAIN" />
28-->src/main/AndroidManifest.xml:18:17-69
28-->src/main/AndroidManifest.xml:18:25-66
29
30                <category android:name="android.intent.category.LAUNCHER" />
30-->src/main/AndroidManifest.xml:20:17-77
30-->src/main/AndroidManifest.xml:20:27-74
31            </intent-filter>
32        </activity>
33        <activity
33-->[androidx.compose.ui:ui-tooling:1.0.0-beta08] AndroidManifest.xml:25:9-27:39
34            android:name="androidx.compose.ui.tooling.preview.PreviewActivity"
34-->[androidx.compose.ui:ui-tooling:1.0.0-beta08] AndroidManifest.xml:26:13-79
35            android:exported="true" />
35-->[androidx.compose.ui:ui-tooling:1.0.0-beta08] AndroidManifest.xml:27:13-36
36    </application>
37
38</manifest>